Manobal/app/build/intermediates/manifest_merge_blame_file/debug/manifest-merger-blame-debug-report.txt
1<?xml version="1.0" encoding="utf-8"?>
2<manifest xmlns:android="http://schemas.android.com/apk/res/android"
3    package="com.example.underscore_"
4    android:versionCode="1"
5    android:versionName="1.0" >
6
7    <uses-sdk
8        android:minSdkVersion="23"
8-->src\main\AndroidManifest.xml
9        android:targetSdkVersion="30" />
9-->src\main\AndroidManifest.xml
10
11    <uses-permission android:name="android.permission.INTERNET" />
11-->src\main\AndroidManifest.xml:5:5-67
11-->src\main\AndroidManifest.xml:5:22-64
12    <uses-permission android:name="android.permission.SEND_SMS" />
12-->src\main\AndroidManifest.xml:6:5-67
12-->src\main\AndroidManifest.xml:6:22-64
13
14    <uses-feature android:glEsVersion="0x00030000" />
14-->[:unityLibrary] AndroidManifest.xml:13:5-54
14-->[:unityLibrary] AndroidManifest.xml:13:19-51
15
16    <uses-permission android:name="android.permission.RECORD_AUDIO" />
16-->[:unityLibrary] AndroidManifest.xml:16:5-71
16-->[:unityLibrary] AndroidManifest.xml:16:22-68
17    <uses-permission android:name="android.permission.MODIFY_AUDIO_SETTINGS" />
17-->[:unityLibrary] AndroidManifest.xml:17:5-80
17-->[:unityLibrary] AndroidManifest.xml:17:22-77
18    <uses-permission android:name="android.permission.BLUETOOTH" />
18-->[:unityLibrary] AndroidManifest.xml:18:5-68
18-->[:unityLibrary] AndroidManifest.xml:18:22-65
19
20    <uses-feature
20-->[:unityLibrary] AndroidManifest.xml:20:5-22:36
21        android:name="android.hardware.microphone"
21-->[:unityLibrary] AndroidManifest.xml:21:9-51
22        android:required="false" />
22-->[:unityLibrary] AndroidManifest.xml:22:9-33
23    <uses-feature
23-->[:unityLibrary] AndroidManifest.xml:23:5-25:36
24        android:name="android.hardware.touchscreen"
24-->[:unityLibrary] AndroidManifest.xml:24:9-52
25        android:required="false" />
25-->[:unityLibrary] AndroidManifest.xml:25:9-33
26    <uses-feature
26-->[:unityLibrary] AndroidManifest.xml:26:5-28:36
27        android:name="android.hardware.touchscreen.multitouch"
27-->[:unityLibrary] AndroidManifest.xml:27:9-63
28        android:required="false" />
28-->[:unityLibrary] AndroidManifest.xml:28:9-33
29    <uses-feature
29-->[:unityLibrary] AndroidManifest.xml:29:5-31:36
30        android:name="android.hardware.touchscreen.multitouch.distinct"
30-->[:unityLibrary] AndroidManifest.xml:30:9-72
31        android:required="false" />
31-->[:unityLibrary] AndroidManifest.xml:31:9-33
32
33    <uses-permission android:name="android.permission.CAMERA" />
33-->[:unityLibrary] AndroidManifest.xml:33:5-65
33-->[:unityLibrary] AndroidManifest.xml:33:22-62
34
35    <uses-feature
35-->[:unityLibrary] AndroidManifest.xml:35:5-37:35
36        android:name="android.hardware.camera.ar"
36-->[:unityLibrary] AndroidManifest.xml:36:9-50
37        android:required="true" />
37-->[:unityLibrary] AndroidManifest.xml:37:9-32
38
39    <queries>
39-->[:arcore_client:] AndroidManifest.xml:29:5-31:15
40        <package android:name="com.google.ar.core" />
40-->[:arcore_client:] AndroidManifest.xml:30:9-54
40-->[:arcore_client:] AndroidManifest.xml:30:18-51
41    </queries>
42
43    <application
43-->src\main\AndroidManifest.xml:8:5-30:19
44        android:allowBackup="true"
44-->src\main\AndroidManifest.xml:9:9-35
45        android:appComponentFactory="androidx.core.app.CoreComponentFactory"
45-->[androidx.core:core:1.3.1] AndroidManifest.xml:24:18-86
46        android:debuggable="true"
47        android:extractNativeLibs="false"
48        android:icon="@mipmap/ic_launcher"
48-->src\main\AndroidManifest.xml:10:9-43
49        android:label="@string/app_name"
49-->src\main\AndroidManifest.xml:11:9-41
50        android:roundIcon="@mipmap/ic_launcher_round"
50-->src\main\AndroidManifest.xml:12:9-54
51        android:supportsRtl="true"
51-->src\main\AndroidManifest.xml:13:9-35
52        android:testOnly="true"
53        android:theme="@style/Theme.Underscore_" >
53-->src\main\AndroidManifest.xml:14:9-49
54        <activity android:name="com.example.underscore_.Splash" >
54-->src\main\AndroidManifest.xml:15:9-21:20
54-->src\main\AndroidManifest.xml:15:19-41
55            <intent-filter>
55-->src\main\AndroidManifest.xml:16:13-20:29
56                <action android:name="android.intent.action.MAIN" />
56-->src\main\AndroidManifest.xml:17:17-69
56-->src\main\AndroidManifest.xml:17:25-66
57
58                <category android:name="android.intent.category.LAUNCHER" />
58-->src\main\AndroidManifest.xml:19:17-77
58-->src\main\AndroidManifest.xml:19:27-74
59            </intent-filter>
60        </activity>
61        <activity android:name="com.example.underscore_.SosActivity" />
61-->src\main\AndroidManifest.xml:22:9-49
61-->src\main\AndroidManifest.xml:22:19-46
62        <activity android:name="com.example.underscore_.SongMeditation" />
62-->src\main\AndroidManifest.xml:23:9-52
62-->src\main\AndroidManifest.xml:23:19-49
63        <activity android:name="com.example.underscore_.Meditation" />
63-->src\main\AndroidManifest.xml:24:9-48
63-->src\main\AndroidManifest.xml:24:19-45
64        <activity android:name="com.example.underscore_.SongSleepActivity" />
64-->src\main\AndroidManifest.xml:25:9-55
64-->src\main\AndroidManifest.xml:25:19-52
65        <activity android:name="com.example.underscore_.SleepActivity" />
65-->src\main\AndroidManifest.xml:26:9-51
65-->src\main\AndroidManifest.xml:26:19-48
66        <activity android:name="com.example.underscore_.MainActivity" />
66-->src\main\AndroidManifest.xml:27:9-50
66-->src\main\AndroidManifest.xml:27:19-47
67        <activity android:name="com.example.underscore_.StartActivity" >
67-->src\main\AndroidManifest.xml:28:9-29:20
67-->src\main\AndroidManifest.xml:28:19-48
68        </activity>
69        <activity
69-->[:unityLibrary] AndroidManifest.xml:40:9-53:20
70            android:name="com.unity3d.player.UnityPlayerActivity"
70-->[:unityLibrary] AndroidManifest.xml:41:13-66
71            android:configChanges="mcc|mnc|locale|touchscreen|keyboard|keyboardHidden|navigation|orientation|screenLayout|uiMode|screenSize|smallestScreenSize|fontScale|layoutDirection|density"
71-->[:unityLibrary] AndroidManifest.xml:42:13-194
72            android:hardwareAccelerated="false"
72-->[:unityLibrary] AndroidManifest.xml:43:13-48
73            android:launchMode="singleTask"
73-->[:unityLibrary] AndroidManifest.xml:44:13-44
74            android:screenOrientation="fullSensor"
74-->[:unityLibrary] AndroidManifest.xml:45:13-51
75            android:theme="@style/UnityThemeSelector" >
75-->[:unityLibrary] AndroidManifest.xml:46:13-54
76            <meta-data
76-->[:unityLibrary] AndroidManifest.xml:47:13-49:40
77                android:name="unityplayer.UnityActivity"
77-->[:unityLibrary] AndroidManifest.xml:48:17-57
78                android:value="true" />
78-->[:unityLibrary] AndroidManifest.xml:49:17-37
79            <meta-data
79-->[:unityLibrary] AndroidManifest.xml:50:13-52:40
80                android:name="android.notch_support"
80-->[:unityLibrary] AndroidManifest.xml:51:17-53
81                android:value="true" />
81-->[:unityLibrary] AndroidManifest.xml:52:17-37
82        </activity>
83
84        <meta-data
84-->[:unityLibrary] AndroidManifest.xml:55:9-57:33
85            android:name="unity.splash-mode"
85-->[:unityLibrary] AndroidManifest.xml:56:13-45
86            android:value="0" />
86-->[:unityLibrary] AndroidManifest.xml:57:13-30
87        <meta-data
87-->[:unityLibrary] AndroidManifest.xml:58:9-60:36
88            android:name="unity.splash-enable"
88-->[:unityLibrary] AndroidManifest.xml:59:13-47
89            android:value="True" />
89-->[:unityLibrary] AndroidManifest.xml:60:13-33
90        <meta-data
90-->[:unityLibrary] AndroidManifest.xml:61:9-63:50
91            android:name="notch.config"
91-->[:unityLibrary] AndroidManifest.xml:62:13-40
92            android:value="portrait|landscape" />
92-->[:unityLibrary] AndroidManifest.xml:63:13-47
93        <meta-data
93-->[:unityLibrary] AndroidManifest.xml:64:9-66:68
94            android:name="unity.build-id"
94-->[:unityLibrary] AndroidManifest.xml:65:13-42
95            android:value="3d3f1148-22cc-4a92-aeef-e1f8704fd57d" />
95-->[:unityLibrary] AndroidManifest.xml:66:13-65
96        <meta-data
96-->[:unityLibrary] AndroidManifest.xml:67:9-69:36
97            android:name="unityplayer.SkipPermissionsDialog"
97-->[:unityLibrary] AndroidManifest.xml:68:13-61
98            android:value="true" />
98-->[:unityLibrary] AndroidManifest.xml:69:13-33
99        <meta-data
99-->[:unityLibrary] AndroidManifest.xml:70:9-72:40
100            android:name="com.google.ar.core"
100-->[:unityLibrary] AndroidManifest.xml:71:13-46
101            android:value="required" /> <!-- The minimal version code of ARCore APK required for an app using this SDK. -->
101-->[:unityLibrary] AndroidManifest.xml:72:13-37
102        <meta-data
102-->[:arcore_client:] AndroidManifest.xml:36:9-38:41
103            android:name="com.google.ar.core.min_apk_version"
103-->[:arcore_client:] AndroidManifest.xml:37:13-62
104            android:value="201750000" /> <!-- This activity is critical for installing ARCore when it is not already present. -->
104-->[:arcore_client:] AndroidManifest.xml:38:13-38
105        <activity
105-->[:arcore_client:] AndroidManifest.xml:40:9-46:80
106            android:name="com.google.ar.core.InstallActivity"
106-->[:arcore_client:] AndroidManifest.xml:41:13-62
107            android:configChanges="keyboardHidden|orientation|screenSize"
107-->[:arcore_client:] AndroidManifest.xml:42:13-74
108            android:excludeFromRecents="true"
108-->[:arcore_client:] AndroidManifest.xml:43:13-46
109            android:exported="false"
109-->[:arcore_client:] AndroidManifest.xml:44:13-37
110            android:launchMode="singleTop"
110-->[:arcore_client:] AndroidManifest.xml:45:13-43
111            android:theme="@android:style/Theme.Material.Light.Dialog.Alert" />
111-->[:arcore_client:] AndroidManifest.xml:46:13-77
112    </application>
113
114</manifest>